{
  message: 'database conntected successfully',
  level: 'info',
  label: 'Auth Service',
  timestamp: '2023-06-24T14:04:00.508Z'
}
{
  message: 'app is listening on port 5000',
  level: 'info',
  label: 'Auth Service',
  timestamp: '2023-06-24T14:04:00.517Z'
}
{
  message: 'database conntected successfully',
  level: 'info',
  label: 'Auth Service',
  timestamp: '2023-06-24T14:06:28.063Z'
}
{
  message: 'app is listening on port 5000',
  level: 'info',
  label: 'Auth Service',
  timestamp: '2023-06-24T14:06:28.071Z'
}
{
  message: 'database conntected successfully',
  level: 'info',
  label: 'Auth Service',
  timestamp: '2023-06-24T14:06:40.042Z'
}
{
  message: 'app is listening on port 5000',
  level: 'info',
  label: 'Auth Service',
  timestamp: '2023-06-24T14:06:40.050Z'
}
{
  message: 'database conntected successfully',
  level: 'info',
  label: 'Auth Service',
  timestamp: '2023-06-24T14:09:02.577Z'
}
{
  message: 'app is listening on port 5000',
  level: 'info',
  label: 'Auth Service',
  timestamp: '2023-06-24T14:09:02.586Z'
}
{
  message: 'database conntected successfully',
  level: 'info',
  label: 'Auth Service',
  timestamp: '2023-06-24T14:13:24.524Z'
}
{
  message: 'app is listening on port 5000',
  level: 'info',
  label: 'Auth Service',
  timestamp: '2023-06-24T14:13:24.532Z'
}
{
  message: 'database conntected successfully',
  level: 'info',
  label: 'Auth Service',
  timestamp: '2023-06-24T14:13:50.140Z'
}
{
  message: 'app is listening on port 5000',
  level: 'info',
  label: 'Auth Service',
  timestamp: '2023-06-24T14:13:50.149Z'
}
{
  message: 'database conntected successfully',
  level: 'info',
  label: 'Auth Service',
  timestamp: '2023-06-24T14:13:55.341Z'
}
{
  message: 'app is listening on port 5000',
  level: 'info',
  label: 'Auth Service',
  timestamp: '2023-06-24T14:13:55.349Z'
}
{
  message: 'database conntected successfully',
  level: 'info',
  label: 'Auth Service',
  timestamp: '2023-06-24T14:15:27.262Z'
}
{
  message: 'app is listening on port 5000',
  level: 'info',
  label: 'Auth Service',
  timestamp: '2023-06-24T14:15:27.270Z'
}
{
  message: 'database conntected successfully',
  level: 'info',
  label: 'Auth Service',
  timestamp: '2023-06-24T14:16:34.034Z'
}
{
  message: 'app is listening on port 5000',
  level: 'info',
  label: 'Auth Service',
  timestamp: '2023-06-24T14:16:34.042Z'
}
{
  message: 'database conntected successfully',
  level: 'info',
  label: 'Auth Service',
  timestamp: '2023-06-24T14:21:02.097Z'
}
{
  message: 'app is listening on port 5000',
  level: 'info',
  label: 'Auth Service',
  timestamp: '2023-06-24T14:21:02.106Z'
}
{
  message: 'database conntected successfully',
  level: 'info',
  label: 'Auth Service',
  timestamp: '2023-06-24T14:21:38.776Z'
}
{
  message: 'app is listening on port 5000',
  level: 'info',
  label: 'Auth Service',
  timestamp: '2023-06-24T14:21:38.784Z'
}
{
  message: 'database conntected successfully',
  level: 'info',
  label: 'Auth Service',
  timestamp: '2023-06-24T14:22:45.776Z'
}
{
  message: 'app is listening on port 5000',
  level: 'info',
  label: 'Auth Service',
  timestamp: '2023-06-24T14:22:45.785Z'
}
{
  message: 'database conntected successfully',
  level: 'info',
  label: 'Auth Service',
  timestamp: '2023-06-24T14:23:07.365Z'
}
{
  message: 'app is listening on port 5000',
  level: 'info',
  label: 'Auth Service',
  timestamp: '2023-06-24T14:23:07.372Z'
}
{
  message: 'database conntected successfully',
  level: 'info',
  label: 'Auth Service',
  timestamp: '2023-06-24T14:23:32.470Z'
}
{
  message: 'app is listening on port 5000',
  level: 'info',
  label: 'Auth Service',
  timestamp: '2023-06-24T14:23:32.479Z'
}
{
  message: 'database conntected successfully',
  level: 'info',
  label: 'Auth Service',
  timestamp: '2023-06-24T14:23:48.652Z'
}
{
  message: 'app is listening on port 5000',
  level: 'info',
  label: 'Auth Service',
  timestamp: '2023-06-24T14:23:48.661Z'
}
