{
  message: 'database conntected successfully',
  level: 'info',
  label: 'Auth Service',
  timestamp: '2023-06-21T06:06:14.882Z'
}
{
  message: 'app is listening on port 5000',
  level: 'info',
  label: 'Auth Service',
  timestamp: '2023-06-21T06:06:14.892Z'
}
{
  message: 'database conntected successfully',
  level: 'info',
  label: 'Auth Service',
  timestamp: '2023-06-21T06:10:17.007Z'
}
{
  message: 'app is listening on port 5000',
  level: 'info',
  label: 'Auth Service',
  timestamp: '2023-06-21T06:10:17.015Z'
}
{
  message: 'database conntected successfully',
  level: 'info',
  label: 'Auth Service',
  timestamp: '2023-06-21T06:11:35.587Z'
}
{
  message: 'app is listening on port 5000',
  level: 'info',
  label: 'Auth Service',
  timestamp: '2023-06-21T06:11:35.596Z'
}
{
  message: 'database conntected successfully',
  level: 'info',
  label: 'Auth Service',
  timestamp: '2023-06-21T06:12:14.813Z'
}
{
  message: 'app is listening on port 5000',
  level: 'info',
  label: 'Auth Service',
  timestamp: '2023-06-21T06:12:14.822Z'
}
{
  message: 'database conntected successfully',
  level: 'info',
  label: 'Auth Service',
  timestamp: '2023-06-21T06:13:13.334Z'
}
{
  message: 'app is listening on port 5000',
  level: 'info',
  label: 'Auth Service',
  timestamp: '2023-06-21T06:13:13.342Z'
}
{
  message: 'database conntected successfully',
  level: 'info',
  label: 'Auth Service',
  timestamp: '2023-06-21T06:14:03.257Z'
}
{
  message: 'app is listening on port 5000',
  level: 'info',
  label: 'Auth Service',
  timestamp: '2023-06-21T06:14:03.265Z'
}
{
  message: 'database conntected successfully',
  level: 'info',
  label: 'Auth Service',
  timestamp: '2023-06-21T06:16:40.389Z'
}
{
  message: 'app is listening on port 5000',
  level: 'info',
  label: 'Auth Service',
  timestamp: '2023-06-21T06:16:40.398Z'
}
