{
  message: 'database conntected successfully',
  level: 'info',
  label: 'Auth Service',
  timestamp: '2023-06-08T00:01:35.328Z'
}
{
  message: 'app is listening on port 5000',
  level: 'info',
  label: 'Auth Service',
  timestamp: '2023-06-08T00:01:35.336Z'
}
{
  message: 'database conntected successfully',
  level: 'info',
  label: 'Auth Service',
  timestamp: '2023-06-08T00:01:44.571Z'
}
{
  message: 'app is listening on port 5000',
  level: 'info',
  label: 'Auth Service',
  timestamp: '2023-06-08T00:01:44.579Z'
}
{
  message: 'database conntected successfully',
  level: 'info',
  label: 'Auth Service',
  timestamp: '2023-06-08T00:04:12.335Z'
}
{
  message: 'app is listening on port 5000',
  level: 'info',
  label: 'Auth Service',
  timestamp: '2023-06-08T00:04:12.342Z'
}
{
  message: 'database conntected successfully',
  level: 'info',
  label: 'Auth Service',
  timestamp: '2023-06-08T00:10:11.033Z'
}
{
  message: 'app is listening on port 5000',
  level: 'info',
  label: 'Auth Service',
  timestamp: '2023-06-08T00:10:11.040Z'
}
{
  message: 'database conntected successfully',
  level: 'info',
  label: 'Auth Service',
  timestamp: '2023-06-08T00:11:22.622Z'
}
{
  message: 'app is listening on port 5000',
  level: 'info',
  label: 'Auth Service',
  timestamp: '2023-06-08T00:11:22.629Z'
}
{
  message: 'database conntected successfully',
  level: 'info',
  label: 'Auth Service',
  timestamp: '2023-06-08T00:12:17.601Z'
}
{
  message: 'app is listening on port 5000',
  level: 'info',
  label: 'Auth Service',
  timestamp: '2023-06-08T00:12:17.609Z'
}
{
  message: 'database conntected successfully',
  level: 'info',
  label: 'Auth Service',
  timestamp: '2023-06-08T00:13:48.334Z'
}
{
  message: 'app is listening on port 5000',
  level: 'info',
  label: 'Auth Service',
  timestamp: '2023-06-08T00:13:48.341Z'
}
{
  message: 'database conntected successfully',
  level: 'info',
  label: 'Auth Service',
  timestamp: '2023-06-08T00:15:05.346Z'
}
{
  message: 'app is listening on port 5000',
  level: 'info',
  label: 'Auth Service',
  timestamp: '2023-06-08T00:15:05.353Z'
}
{
  message: 'database conntected successfully',
  level: 'info',
  label: 'Auth Service',
  timestamp: '2023-06-08T00:19:42.971Z'
}
{
  message: 'app is listening on port 5000',
  level: 'info',
  label: 'Auth Service',
  timestamp: '2023-06-08T00:19:42.978Z'
}
{
  message: 'database conntected successfully',
  level: 'info',
  label: 'Auth Service',
  timestamp: '2023-06-08T00:20:01.895Z'
}
{
  message: 'app is listening on port 5000',
  level: 'info',
  label: 'Auth Service',
  timestamp: '2023-06-08T00:20:01.902Z'
}
{
  message: 'database conntected successfully',
  level: 'info',
  label: 'Auth Service',
  timestamp: '2023-06-08T00:24:25.189Z'
}
{
  message: 'app is listening on port 5000',
  level: 'info',
  label: 'Auth Service',
  timestamp: '2023-06-08T00:24:25.197Z'
}
{
  message: 'database conntected successfully',
  level: 'info',
  label: 'Auth Service',
  timestamp: '2023-06-08T00:25:28.453Z'
}
{
  message: 'app is listening on port 5000',
  level: 'info',
  label: 'Auth Service',
  timestamp: '2023-06-08T00:25:28.461Z'
}
{
  message: 'database conntected successfully',
  level: 'info',
  label: 'Auth Service',
  timestamp: '2023-06-08T00:27:47.407Z'
}
{
  message: 'app is listening on port 5000',
  level: 'info',
  label: 'Auth Service',
  timestamp: '2023-06-08T00:27:47.414Z'
}
{
  message: 'database conntected successfully',
  level: 'info',
  label: 'Auth Service',
  timestamp: '2023-06-08T00:30:03.711Z'
}
{
  message: 'app is listening on port 5000',
  level: 'info',
  label: 'Auth Service',
  timestamp: '2023-06-08T00:30:03.718Z'
}
{
  message: 'database conntected successfully',
  level: 'info',
  label: 'Auth Service',
  timestamp: '2023-06-08T00:31:52.203Z'
}
{
  message: 'app is listening on port 5000',
  level: 'info',
  label: 'Auth Service',
  timestamp: '2023-06-08T00:31:52.210Z'
}
{
  message: 'database conntected successfully',
  level: 'info',
  label: 'Auth Service',
  timestamp: '2023-06-08T00:33:26.471Z'
}
{
  message: 'app is listening on port 5000',
  level: 'info',
  label: 'Auth Service',
  timestamp: '2023-06-08T00:33:26.478Z'
}
