{
  message: 'database conntected successfully',
  level: 'info',
  label: 'Auth Service',
  timestamp: '2023-06-04T13:41:39.553Z'
}
{
  message: 'app is listening on port 5000',
  level: 'info',
  label: 'Auth Service',
  timestamp: '2023-06-04T13:41:39.562Z'
}
{
  message: 'database conntected successfully',
  level: 'info',
  label: 'Auth Service',
  timestamp: '2023-06-04T13:43:10.679Z'
}
{
  message: 'app is listening on port 5000',
  level: 'info',
  label: 'Auth Service',
  timestamp: '2023-06-04T13:43:10.687Z'
}
{
  message: 'database conntected successfully',
  level: 'info',
  label: 'Auth Service',
  timestamp: '2023-06-04T13:43:39.305Z'
}
{
  message: 'app is listening on port 5000',
  level: 'info',
  label: 'Auth Service',
  timestamp: '2023-06-04T13:43:39.314Z'
}
{
  message: 'database conntected successfully',
  level: 'info',
  label: 'Auth Service',
  timestamp: '2023-06-04T13:44:47.703Z'
}
{
  message: 'app is listening on port 5000',
  level: 'info',
  label: 'Auth Service',
  timestamp: '2023-06-04T13:44:47.715Z'
}
{
  message: 'database conntected successfully',
  level: 'info',
  label: 'Auth Service',
  timestamp: '2023-06-04T13:45:46.634Z'
}
{
  message: 'app is listening on port 5000',
  level: 'info',
  label: 'Auth Service',
  timestamp: '2023-06-04T13:45:46.642Z'
}
{
  message: 'database conntected successfully',
  level: 'info',
  label: 'Auth Service',
  timestamp: '2023-06-04T13:48:06.311Z'
}
{
  message: 'app is listening on port 5000',
  level: 'info',
  label: 'Auth Service',
  timestamp: '2023-06-04T13:48:06.319Z'
}
{
  message: 'database conntected successfully',
  level: 'info',
  label: 'Auth Service',
  timestamp: '2023-06-04T13:48:21.586Z'
}
{
  message: 'app is listening on port 5000',
  level: 'info',
  label: 'Auth Service',
  timestamp: '2023-06-04T13:48:21.596Z'
}
{
  message: 'database conntected successfully',
  level: 'info',
  label: 'Auth Service',
  timestamp: '2023-06-04T13:49:24.542Z'
}
{
  message: 'app is listening on port 5000',
  level: 'info',
  label: 'Auth Service',
  timestamp: '2023-06-04T13:49:24.550Z'
}
