{
  errors: {
    role: ValidatorError: Path `role` is required.
        at validate (D:\Learning\pheronext\mission-3\university-management-auth-service\node_modules\mongoose\lib\schematype.js:1349:13)
        at SchemaString.SchemaType.doValidate (D:\Learning\pheronext\mission-3\university-management-auth-service\node_modules\mongoose\lib\schematype.js:1333:7)
        at D:\Learning\pheronext\mission-3\university-management-auth-service\node_modules\mongoose\lib\document.js:2932:18
        at processTicksAndRejections (node:internal/process/task_queues:77:11) {
      properties: {
        validator: [Function (anonymous)],
        message: 'Path `role` is required.',
        type: 'required',
        path: 'role',
        value: undefined
      },
      kind: 'required',
      path: 'role',
      value: undefined,
      reason: undefined,
      [Symbol(mongoose:validatorError)]: true
    }
  },
  _message: 'User validation failed',
  level: 'error',
  message: 'global error handler ~ User validation failed: role: Path `role` is required.',
  stack: 'ValidationError: User validation failed: role: Path `role` is required.\n' +
    '    at model.Document.invalidate (D:\\Learning\\pheronext\\mission-3\\university-management-auth-service\\node_modules\\mongoose\\lib\\document.js:3147:32)\n' +
    '    at D:\\Learning\\pheronext\\mission-3\\university-management-auth-service\\node_modules\\mongoose\\lib\\document.js:2940:17\n' +
    '    at D:\\Learning\\pheronext\\mission-3\\university-management-auth-service\\node_modules\\mongoose\\lib\\schematype.js:1352:9\n' +
    '    at processTicksAndRejections (node:internal/process/task_queues:77:11)',
  label: 'Auth Service',
  timestamp: '2023-06-08T00:12:27.681Z'
}
